<?xml version="1.0" encoding="UTF-8"?>
<!-- Generated by org.testng.reporters.JUnitXMLReporter -->
<testsuite ignored="0" hostname="WINCTRL-OVVSTUP" failures="0" tests="3" name="Default test" time="42.891" errors="0" timestamp="2024-05-15T13:15:27 IST">
  <testcase classname="testpkg.Testclass" name="signuptest" time="9.689"/>
  <testcase classname="testpkg.Testclass" name="verifytest" time="4.504"/>
  <testcase classname="testpkg.Testclass" name="createaccounttest" time="11.563"/>
</testsuite> <!-- Default test -->
