<?xml version="1.0" encoding="UTF-8"?>
<testng-results ignored="0" total="3" passed="3" failed="0" skipped="0">
  <reporter-output>
  </reporter-output>
  <suite started-at="2024-05-15T13:14:44 IST" name="Default suite" finished-at="2024-05-15T13:15:27 IST" duration-ms="42891">
    <groups>
    </groups>
    <test started-at="2024-05-15T13:14:44 IST" name="Default test" finished-at="2024-05-15T13:15:27 IST" duration-ms="42891">
      <class name="testpkg.Testclass">
        <test-method is-config="true" signature="setup()[pri:0, instance:testpkg.Testclass@2892d68]" started-at="2024-05-15T13:14:44 IST" name="setup" finished-at="2024-05-15T13:15:01 IST" duration-ms="16629" status="PASS">
          <reporter-output>
          </reporter-output>
        </test-method> <!-- setup -->
        <test-method signature="signuptest()[pri:1, instance:testpkg.Testclass@2892d68]" started-at="2024-05-15T13:15:01 IST" name="signuptest" finished-at="2024-05-15T13:15:11 IST" duration-ms="9689" status="PASS">
          <reporter-output>
          </reporter-output>
        </test-method> <!-- signuptest -->
        <test-method signature="verifytest()[pri:2, instance:testpkg.Testclass@2892d68]" started-at="2024-05-15T13:15:11 IST" name="verifytest" finished-at="2024-05-15T13:15:15 IST" duration-ms="4504" status="PASS">
          <reporter-output>
          </reporter-output>
        </test-method> <!-- verifytest -->
        <test-method signature="createaccounttest()[pri:3, instance:testpkg.Testclass@2892d68]" started-at="2024-05-15T13:15:15 IST" name="createaccounttest" finished-at="2024-05-15T13:15:27 IST" duration-ms="11563" status="PASS">
          <reporter-output>
          </reporter-output>
        </test-method> <!-- createaccounttest -->
      </class> <!-- testpkg.Testclass -->
    </test> <!-- Default test -->
  </suite> <!-- Default suite -->
</testng-results>
